<?xml version="1.0" encoding="UTF-8"?>
<!-- Generated by org.testng.reporters.JUnitReportReporter -->
<testsuite skipped="0" hostname="uftuser-PC" name="com.actitime.customertest.CreateDuplicateCustomer" tests="1" failures="0" timestamp="14 Nov 2019 05:29:23 GMT" time="6.784" errors="0">
  <testcase name="createDuplicateCustomer" time="6.784" classname="com.actitime.customertest.CreateDuplicateCustomer"/>
</testsuite> <!-- com.actitime.customertest.CreateDuplicateCustomer -->
