<?xml version="1.0" encoding="UTF-8"?>
<!-- Generated by org.testng.reporters.JUnitReportReporter -->
<testsuite skipped="0" hostname="uftuser-PC" name="com.actitime.customertest.UserTest" tests="1" failures="0" timestamp="14 Nov 2019 05:29:23 GMT" time="5.676" errors="0">
  <testcase name="createUSerTest" time="5.676" classname="com.actitime.customertest.UserTest"/>
</testsuite> <!-- com.actitime.customertest.UserTest -->
