<?xml version="1.0" encoding="UTF-8"?>
<!-- Generated by org.testng.reporters.JUnitReportReporter -->
<testsuite skipped="0" hostname="uftuser-PC" name="com.actitime.customertest.CustomerTest" tests="1" failures="0" timestamp="14 Nov 2019 05:29:23 GMT" time="7.647" errors="0">
  <testcase name="createCustomerTest" time="7.647" classname="com.actitime.customertest.CustomerTest"/>
</testsuite> <!-- com.actitime.customertest.CustomerTest -->
